<?xml version="1.0" encoding="UTF-8"?>
<coverage generated="1402618359">
  <project timestamp="1402618359">
    <package name="Icecave\Chrono\Doctrine">
      <file name="/home/travis/build/IcecaveStudios/chrono-doctrine/src/DateTimeType.php">
        <class name="DateTimeType" namespace="Icecave\Chrono\Doctrine">
          <metrics methods="4" coveredmethods="4" conditionals="0" coveredconditionals="0" statements="19" coveredstatements="19" elements="23" coveredelements="23"/>
        </class>
        <line num="22" type="method" name="getName" crap="1" count="3"/>
        <line num="24" type="stmt" count="3"/>
        <line num="36" type="method" name="convertToPHPValue" crap="2" count="1"/>
        <line num="38" type="stmt" count="1"/>
        <line num="39" type="stmt" count="1"/>
        <line num="42" type="stmt" count="1"/>
        <line num="43" type="stmt" count="1"/>
        <line num="44" type="stmt" count="1"/>
        <line num="56" type="method" name="convertToDatabaseValue" crap="4" count="3"/>
        <line num="58" type="stmt" count="3"/>
        <line num="59" type="stmt" count="1"/>
        <line num="62" type="stmt" count="3"/>
        <line num="63" type="stmt" count="2"/>
        <line num="64" type="stmt" count="2"/>
        <line num="65" type="stmt" count="2"/>
        <line num="66" type="stmt" count="2"/>
        <line num="67" type="stmt" count="2"/>
        <line num="68" type="stmt" count="2"/>
        <line num="71" type="stmt" count="1"/>
        <line num="79" type="method" name="clock" crap="2" count="4"/>
        <line num="81" type="stmt" count="4"/>
        <line num="82" type="stmt" count="1"/>
        <line num="85" type="stmt" count="4"/>
        <metrics loc="89" ncloc="58" classes="1" methods="4" coveredmethods="4" conditionals="0" coveredconditionals="0" statements="19" coveredstatements="19" elements="23" coveredelements="23"/>
      </file>
      <file name="/home/travis/build/IcecaveStudios/chrono-doctrine/src/DateType.php">
        <class name="DateType" namespace="Icecave\Chrono\Doctrine">
          <metrics methods="4" coveredmethods="4" conditionals="0" coveredconditionals="0" statements="19" coveredstatements="19" elements="23" coveredelements="23"/>
        </class>
        <line num="22" type="method" name="getName" crap="1" count="3"/>
        <line num="24" type="stmt" count="3"/>
        <line num="36" type="method" name="convertToPHPValue" crap="2" count="1"/>
        <line num="38" type="stmt" count="1"/>
        <line num="39" type="stmt" count="1"/>
        <line num="42" type="stmt" count="1"/>
        <line num="43" type="stmt" count="1"/>
        <line num="44" type="stmt" count="1"/>
        <line num="56" type="method" name="convertToDatabaseValue" crap="4" count="3"/>
        <line num="58" type="stmt" count="3"/>
        <line num="59" type="stmt" count="1"/>
        <line num="62" type="stmt" count="3"/>
        <line num="63" type="stmt" count="2"/>
        <line num="64" type="stmt" count="2"/>
        <line num="65" type="stmt" count="2"/>
        <line num="66" type="stmt" count="2"/>
        <line num="67" type="stmt" count="2"/>
        <line num="68" type="stmt" count="2"/>
        <line num="71" type="stmt" count="1"/>
        <line num="79" type="method" name="clock" crap="2" count="4"/>
        <line num="81" type="stmt" count="4"/>
        <line num="82" type="stmt" count="1"/>
        <line num="85" type="stmt" count="4"/>
        <metrics loc="89" ncloc="58" classes="1" methods="4" coveredmethods="4" conditionals="0" coveredconditionals="0" statements="19" coveredstatements="19" elements="23" coveredelements="23"/>
      </file>
      <file name="/home/travis/build/IcecaveStudios/chrono-doctrine/src/DoctrineTypeInstaller.php">
        <class name="DoctrineTypeInstaller" namespace="Icecave\Chrono\Doctrine">
          <metrics methods="2" coveredmethods="2" conditionals="0" coveredconditionals="0" statements="10" coveredstatements="10" elements="12" coveredelements="12"/>
        </class>
        <line num="14" type="method" name="installTypes" crap="1" count="13"/>
        <line num="16" type="stmt" count="13"/>
        <line num="17" type="stmt" count="13"/>
        <line num="19" type="stmt" count="13"/>
        <line num="21" type="stmt" count="13"/>
        <line num="22" type="stmt" count="13"/>
        <line num="24" type="stmt" count="13"/>
        <line num="25" type="stmt" count="13"/>
        <line num="33" type="method" name="installType" crap="2" count="13"/>
        <line num="35" type="stmt" count="13"/>
        <line num="36" type="stmt" count="2"/>
        <line num="38" type="stmt" count="13"/>
        <metrics loc="39" ncloc="27" classes="1" methods="2" coveredmethods="2" conditionals="0" coveredconditionals="0" statements="10" coveredstatements="10" elements="12" coveredelements="12"/>
      </file>
    </package>
    <metrics files="3" loc="217" ncloc="143" classes="3" methods="10" coveredmethods="10" conditionals="0" coveredconditionals="0" statements="48" coveredstatements="48" elements="58" coveredelements="58"/>
  </project>
</coverage>
