<?xml version="1.0" encoding="UTF-8"?>
<coverage generated="1402622902">
  <project timestamp="1402622902">
    <package name="Icecave\Chrono\Doctrine">
      <file name="/home/travis/build/IcecaveStudios/chrono-doctrine/src/DateTimeType.php">
        <class name="DateTimeType" namespace="Icecave\Chrono\Doctrine">
          <metrics methods="5" coveredmethods="5" conditionals="0" coveredconditionals="0" statements="20" coveredstatements="20" elements="25" coveredelements="25"/>
        </class>
        <line num="22" type="method" name="getName" crap="1" count="3"/>
        <line num="24" type="stmt" count="3"/>
        <line num="37" type="method" name="requiresSQLCommentHint" crap="1" count="1"/>
        <line num="39" type="stmt" count="1"/>
        <line num="51" type="method" name="convertToPHPValue" crap="2" count="1"/>
        <line num="53" type="stmt" count="1"/>
        <line num="54" type="stmt" count="1"/>
        <line num="57" type="stmt" count="1"/>
        <line num="58" type="stmt" count="1"/>
        <line num="59" type="stmt" count="1"/>
        <line num="71" type="method" name="convertToDatabaseValue" crap="4" count="3"/>
        <line num="73" type="stmt" count="3"/>
        <line num="74" type="stmt" count="1"/>
        <line num="77" type="stmt" count="3"/>
        <line num="78" type="stmt" count="2"/>
        <line num="79" type="stmt" count="2"/>
        <line num="80" type="stmt" count="2"/>
        <line num="81" type="stmt" count="2"/>
        <line num="82" type="stmt" count="2"/>
        <line num="83" type="stmt" count="2"/>
        <line num="86" type="stmt" count="1"/>
        <line num="94" type="method" name="clock" crap="2" count="4"/>
        <line num="96" type="stmt" count="4"/>
        <line num="97" type="stmt" count="1"/>
        <line num="100" type="stmt" count="4"/>
        <metrics loc="104" ncloc="63" classes="1" methods="5" coveredmethods="5" conditionals="0" coveredconditionals="0" statements="20" coveredstatements="20" elements="25" coveredelements="25"/>
      </file>
      <file name="/home/travis/build/IcecaveStudios/chrono-doctrine/src/DateType.php">
        <class name="DateType" namespace="Icecave\Chrono\Doctrine">
          <metrics methods="5" coveredmethods="5" conditionals="0" coveredconditionals="0" statements="20" coveredstatements="20" elements="25" coveredelements="25"/>
        </class>
        <line num="22" type="method" name="getName" crap="1" count="3"/>
        <line num="24" type="stmt" count="3"/>
        <line num="37" type="method" name="requiresSQLCommentHint" crap="1" count="1"/>
        <line num="39" type="stmt" count="1"/>
        <line num="51" type="method" name="convertToPHPValue" crap="2" count="1"/>
        <line num="53" type="stmt" count="1"/>
        <line num="54" type="stmt" count="1"/>
        <line num="57" type="stmt" count="1"/>
        <line num="58" type="stmt" count="1"/>
        <line num="59" type="stmt" count="1"/>
        <line num="71" type="method" name="convertToDatabaseValue" crap="4" count="3"/>
        <line num="73" type="stmt" count="3"/>
        <line num="74" type="stmt" count="1"/>
        <line num="77" type="stmt" count="3"/>
        <line num="78" type="stmt" count="2"/>
        <line num="79" type="stmt" count="2"/>
        <line num="80" type="stmt" count="2"/>
        <line num="81" type="stmt" count="2"/>
        <line num="82" type="stmt" count="2"/>
        <line num="83" type="stmt" count="2"/>
        <line num="86" type="stmt" count="1"/>
        <line num="94" type="method" name="clock" crap="2" count="4"/>
        <line num="96" type="stmt" count="4"/>
        <line num="97" type="stmt" count="1"/>
        <line num="100" type="stmt" count="4"/>
        <metrics loc="104" ncloc="63" classes="1" methods="5" coveredmethods="5" conditionals="0" coveredconditionals="0" statements="20" coveredstatements="20" elements="25" coveredelements="25"/>
      </file>
      <file name="/home/travis/build/IcecaveStudios/chrono-doctrine/src/DoctrineTypeInstaller.php">
        <class name="DoctrineTypeInstaller" namespace="Icecave\Chrono\Doctrine">
          <metrics methods="2" coveredmethods="2" conditionals="0" coveredconditionals="0" statements="10" coveredstatements="10" elements="12" coveredelements="12"/>
        </class>
        <line num="14" type="method" name="installTypes" crap="1" count="15"/>
        <line num="16" type="stmt" count="15"/>
        <line num="17" type="stmt" count="15"/>
        <line num="19" type="stmt" count="15"/>
        <line num="21" type="stmt" count="15"/>
        <line num="22" type="stmt" count="15"/>
        <line num="24" type="stmt" count="15"/>
        <line num="25" type="stmt" count="15"/>
        <line num="33" type="method" name="installType" crap="2" count="15"/>
        <line num="35" type="stmt" count="15"/>
        <line num="36" type="stmt" count="2"/>
        <line num="38" type="stmt" count="15"/>
        <metrics loc="39" ncloc="27" classes="1" methods="2" coveredmethods="2" conditionals="0" coveredconditionals="0" statements="10" coveredstatements="10" elements="12" coveredelements="12"/>
      </file>
    </package>
    <metrics files="3" loc="247" ncloc="153" classes="3" methods="12" coveredmethods="12" conditionals="0" coveredconditionals="0" statements="50" coveredstatements="50" elements="62" coveredelements="62"/>
  </project>
</coverage>
