<?xml version="1.0" encoding="UTF-8"?>
<testsuites>
  <testsuite name="" tests="13" assertions="19" failures="0" errors="0" time="0.602293">
    <testsuite name="Icecave\Chrono\Doctrine\DateTimeTypeTest" file="/home/travis/build/IcecaveStudios/chrono-doctrine/test/suite/DateTimeTypeTest.php" tests="6" assertions="9" failures="0" errors="0" time="0.508536">
      <testcase name="testGetName" class="Icecave\Chrono\Doctrine\DateTimeTypeTest" file="/home/travis/build/IcecaveStudios/chrono-doctrine/test/suite/DateTimeTypeTest.php" line="30" assertions="1" time="0.142787"/>
      <testcase name="testToPhp" class="Icecave\Chrono\Doctrine\DateTimeTypeTest" file="/home/travis/build/IcecaveStudios/chrono-doctrine/test/suite/DateTimeTypeTest.php" line="35" assertions="2" time="0.050176"/>
      <testcase name="testToDatabase" class="Icecave\Chrono\Doctrine\DateTimeTypeTest" file="/home/travis/build/IcecaveStudios/chrono-doctrine/test/suite/DateTimeTypeTest.php" line="44" assertions="2" time="0.017068"/>
      <testcase name="testToDatabaseFailureIncorrectTimeZone" class="Icecave\Chrono\Doctrine\DateTimeTypeTest" file="/home/travis/build/IcecaveStudios/chrono-doctrine/test/suite/DateTimeTypeTest.php" line="53" assertions="1" time="0.018413"/>
      <testcase name="testToDatabaseFailureInvalidType" class="Icecave\Chrono\Doctrine\DateTimeTypeTest" file="/home/travis/build/IcecaveStudios/chrono-doctrine/test/suite/DateTimeTypeTest.php" line="59" assertions="1" time="0.009748"/>
      <testcase name="testClock" class="Icecave\Chrono\Doctrine\DateTimeTypeTest" file="/home/travis/build/IcecaveStudios/chrono-doctrine/test/suite/DateTimeTypeTest.php" line="65" assertions="2" time="0.270344"/>
    </testsuite>
    <testsuite name="Icecave\Chrono\Doctrine\DateTypeTest" file="/home/travis/build/IcecaveStudios/chrono-doctrine/test/suite/DateTypeTest.php" tests="6" assertions="9" failures="0" errors="0" time="0.084113">
      <testcase name="testGetName" class="Icecave\Chrono\Doctrine\DateTypeTest" file="/home/travis/build/IcecaveStudios/chrono-doctrine/test/suite/DateTypeTest.php" line="30" assertions="1" time="0.011675"/>
      <testcase name="testToPhp" class="Icecave\Chrono\Doctrine\DateTypeTest" file="/home/travis/build/IcecaveStudios/chrono-doctrine/test/suite/DateTypeTest.php" line="35" assertions="2" time="0.024768"/>
      <testcase name="testToDatabase" class="Icecave\Chrono\Doctrine\DateTypeTest" file="/home/travis/build/IcecaveStudios/chrono-doctrine/test/suite/DateTypeTest.php" line="44" assertions="2" time="0.014856"/>
      <testcase name="testToDatabaseFailureIncorrectTimeZone" class="Icecave\Chrono\Doctrine\DateTypeTest" file="/home/travis/build/IcecaveStudios/chrono-doctrine/test/suite/DateTypeTest.php" line="53" assertions="1" time="0.010861"/>
      <testcase name="testToDatabaseFailureInvalidType" class="Icecave\Chrono\Doctrine\DateTypeTest" file="/home/travis/build/IcecaveStudios/chrono-doctrine/test/suite/DateTypeTest.php" line="59" assertions="1" time="0.008295"/>
      <testcase name="testClock" class="Icecave\Chrono\Doctrine\DateTypeTest" file="/home/travis/build/IcecaveStudios/chrono-doctrine/test/suite/DateTypeTest.php" line="65" assertions="2" time="0.013658"/>
    </testsuite>
    <testsuite name="Icecave\Chrono\Doctrine\DoctrineTypeInstallerTest" file="/home/travis/build/IcecaveStudios/chrono-doctrine/test/suite/DoctrineTypeInstallerTest.php" tests="1" assertions="1" failures="0" errors="0" time="0.009644">
      <testcase name="testInstallTypes" class="Icecave\Chrono\Doctrine\DoctrineTypeInstallerTest" file="/home/travis/build/IcecaveStudios/chrono-doctrine/test/suite/DoctrineTypeInstallerTest.php" line="17" assertions="1" time="0.009644"/>
    </testsuite>
  </testsuite>
</testsuites>
