<?xml version="1.0" encoding="UTF-8"?>
<testsuites>
  <testsuite name="" tests="13" assertions="19" failures="0" errors="0" time="0.764983">
    <testsuite name="Icecave\Chrono\Doctrine\DateTimeTypeTest" file="/home/travis/build/IcecaveStudios/chrono-doctrine/test/suite/DateTimeTypeTest.php" tests="6" assertions="9" failures="0" errors="0" time="0.621012">
      <testcase name="testGetName" class="Icecave\Chrono\Doctrine\DateTimeTypeTest" file="/home/travis/build/IcecaveStudios/chrono-doctrine/test/suite/DateTimeTypeTest.php" line="30" assertions="1" time="0.198802"/>
      <testcase name="testToPhp" class="Icecave\Chrono\Doctrine\DateTimeTypeTest" file="/home/travis/build/IcecaveStudios/chrono-doctrine/test/suite/DateTimeTypeTest.php" line="35" assertions="2" time="0.065666"/>
      <testcase name="testToDatabase" class="Icecave\Chrono\Doctrine\DateTimeTypeTest" file="/home/travis/build/IcecaveStudios/chrono-doctrine/test/suite/DateTimeTypeTest.php" line="44" assertions="2" time="0.024279"/>
      <testcase name="testToDatabaseFailureIncorrectTimeZone" class="Icecave\Chrono\Doctrine\DateTimeTypeTest" file="/home/travis/build/IcecaveStudios/chrono-doctrine/test/suite/DateTimeTypeTest.php" line="53" assertions="1" time="0.024776"/>
      <testcase name="testToDatabaseFailureInvalidType" class="Icecave\Chrono\Doctrine\DateTimeTypeTest" file="/home/travis/build/IcecaveStudios/chrono-doctrine/test/suite/DateTimeTypeTest.php" line="59" assertions="1" time="0.013810"/>
      <testcase name="testClock" class="Icecave\Chrono\Doctrine\DateTimeTypeTest" file="/home/travis/build/IcecaveStudios/chrono-doctrine/test/suite/DateTimeTypeTest.php" line="65" assertions="2" time="0.293679"/>
    </testsuite>
    <testsuite name="Icecave\Chrono\Doctrine\DateTypeTest" file="/home/travis/build/IcecaveStudios/chrono-doctrine/test/suite/DateTypeTest.php" tests="6" assertions="9" failures="0" errors="0" time="0.130171">
      <testcase name="testGetName" class="Icecave\Chrono\Doctrine\DateTypeTest" file="/home/travis/build/IcecaveStudios/chrono-doctrine/test/suite/DateTypeTest.php" line="30" assertions="1" time="0.017194"/>
      <testcase name="testToPhp" class="Icecave\Chrono\Doctrine\DateTypeTest" file="/home/travis/build/IcecaveStudios/chrono-doctrine/test/suite/DateTypeTest.php" line="35" assertions="2" time="0.035539"/>
      <testcase name="testToDatabase" class="Icecave\Chrono\Doctrine\DateTypeTest" file="/home/travis/build/IcecaveStudios/chrono-doctrine/test/suite/DateTypeTest.php" line="44" assertions="2" time="0.021774"/>
      <testcase name="testToDatabaseFailureIncorrectTimeZone" class="Icecave\Chrono\Doctrine\DateTypeTest" file="/home/travis/build/IcecaveStudios/chrono-doctrine/test/suite/DateTypeTest.php" line="53" assertions="1" time="0.018789"/>
      <testcase name="testToDatabaseFailureInvalidType" class="Icecave\Chrono\Doctrine\DateTypeTest" file="/home/travis/build/IcecaveStudios/chrono-doctrine/test/suite/DateTypeTest.php" line="59" assertions="1" time="0.014181"/>
      <testcase name="testClock" class="Icecave\Chrono\Doctrine\DateTypeTest" file="/home/travis/build/IcecaveStudios/chrono-doctrine/test/suite/DateTypeTest.php" line="65" assertions="2" time="0.022694"/>
    </testsuite>
    <testsuite name="Icecave\Chrono\Doctrine\DoctrineTypeInstallerTest" file="/home/travis/build/IcecaveStudios/chrono-doctrine/test/suite/DoctrineTypeInstallerTest.php" tests="1" assertions="1" failures="0" errors="0" time="0.013800">
      <testcase name="testInstallTypes" class="Icecave\Chrono\Doctrine\DoctrineTypeInstallerTest" file="/home/travis/build/IcecaveStudios/chrono-doctrine/test/suite/DoctrineTypeInstallerTest.php" line="17" assertions="1" time="0.013800"/>
    </testsuite>
  </testsuite>
</testsuites>
